<?xml version="1.0" encoding="UTF-8"?>
<testsuite xmlns:xsi="http://www.w3.org/2001/XMLSchema-instance" xsi:noNamespaceSchemaLocation="https://maven.apache.org/surefire/maven-surefire-plugin/xsd/surefire-test-report-3.0.xsd" version="3.0" name="com.fooddelivery.gateway.ApiGatewayApplicationTests" time="6.145" tests="1" errors="0" skipped="0" failures="0">
  <properties>
[...]
</properties>
  <testcase name="contextLoads" classname="com.fooddelivery.gateway.ApiGatewayApplicationTests" time="1.02">
    <system-out><![CDATA[16:25:42.371 [main] INFO org.springframework.test.context.support.AnnotationConfigContextLoaderUtils -- Could not detect default configuration classes for test class [com.fooddelivery.gateway.ApiGatewayApplicationTests]: ApiGatewayApplicationTests does not declare any static, non-private, non-final, nested classes annotated with @Configuration.
16:25:42.502 [main] INFO org.springframework.boot.test.context.SpringBootTestContextBootstrapper -- Found @SpringBootConfiguration com.fooddelivery.gateway.ApiGatewayApplication for test class com.fooddelivery.gateway.ApiGatewayApplicationTests

  .   ____          _            __ _ _
 /\\ / ___'_ __ _ _(_)_ __  __ _ \ \ \ \
( ( )\___ | '_ | '_| | '_ \/ _` | \ \ \ \
 \\/  ___)| |_)| | | | | || (_| |  ) ) ) )
  '  |____| .__|_| |_|_| |_\__, | / / / /
 =========|_|==============|___/=/_/_/_/

 :: Spring Boot ::                (v3.3.4)

2026-08-27T16:25:43.265+05:30  INFO 41916 --- [api-gateway] [           main] c.f.gateway.ApiGatewayApplicationTests   : Starting ApiGatewayApplicationTests using Java 17.0.20.1 with PID 41916 (started by abi1p in C:\food-delivery-app\services\api-gateway)
2026-08-27T16:25:43.267+05:30  INFO 41916 --- [api-gateway] [           main] c.f.gateway.ApiGatewayApplicationTests   : No active profile set, falling back to 1 default profile: "default"
2026-08-27T16:25:45.077+05:30  INFO 41916 --- [api-gateway] [           main] o.s.cloud.context.scope.GenericScope     : BeanFactory id=8d2a67ca-14ee-3367-8bae-17af622cd289
2026-08-27T16:25:47.109+05:30  INFO 41916 --- [api-gateway] [           main] o.s.b.a.e.web.EndpointLinksResolver      : Exposing 1 endpoint beneath base path '/actuator'
2026-08-27T16:25:47.195+05:30  INFO 41916 --- [api-gateway] [           main] c.f.gateway.ApiGatewayApplicationTests   : Started ApiGatewayApplicationTests in 4.465 seconds (process running for 5.621)
]]></system-out>
  </testcase>
</testsuite>